<?xml version="1.0" encoding="UTF-8"?>
<testng-results ignored="0" total="1" passed="1" failed="0" skipped="0">
  <reporter-output>
  </reporter-output>
  <suite started-at="2024-09-22T22:58:51 IST" name="Default suite" finished-at="2024-09-22T22:59:02 IST" duration-ms="11313">
    <groups>
    </groups>
    <test started-at="2024-09-22T22:58:51 IST" name="Default test" finished-at="2024-09-22T22:59:02 IST" duration-ms="11313">
      <class name="day1test.Frameworks">
        <test-method signature="Testgoogle()[pri:0, instance:day1test.Frameworks@72f926e6]" started-at="2024-09-22T22:58:51 IST" name="Testgoogle" finished-at="2024-09-22T22:59:02 IST" duration-ms="11273" status="PASS">
          <reporter-output>
          </reporter-output>
        </test-method> <!-- Testgoogle -->
      </class> <!-- day1test.Frameworks -->
    </test> <!-- Default test -->
  </suite> <!-- Default suite -->
</testng-results>
